0: jdbc:hive2://localhost:10000> show partitions pokes;
+---------------+
|   partition   |
+---------------+
| prefix=val_0  |
| prefix=val_1  |
| prefix=val_2  |
| prefix=val_3  |
| prefix=val_4  |
| prefix=val_5  |
| prefix=val_6  |
| prefix=val_7  |
| prefix=val_8  |
| prefix=val_9  |
+---------------+
10 rows selected (0.097 seconds)
0: jdbc:hive2://localhost:10000> show partitions dim;
+---------------+
|   partition   |
+---------------+
| prefix=val_0  |
| prefix=val_1  |
| prefix=val_3  |
+---------------+
3 rows selected (0.069 seconds)
0: jdbc:hive2://localhost:10000>


root@eaf2ecf91f58:/opt# hdfs dfs -ls /user/hive/warehouse/pokes/*
Found 32 items
-rwxrwxr-x   3 root supergroup         24 2023-06-01 15:35 /user/hive/warehouse/pokes/prefix=val_0/000000_0
-rwxrwxr-x   3 root supergroup          0 2023-06-01 15:35 /user/hive/warehouse/pokes/prefix=val_0/000001_0
-rwxrwxr-x   3 root supergroup          0 2023-06-01 15:35 /user/hive/warehouse/pokes/prefix=val_0/000002_0
-rwxrwxr-x   3 root supergroup          0 2023-06-01 15:35 /user/hive/warehouse/pokes/prefix=val_0/000003_0
-rwxrwxr-x   3 root supergroup          0 2023-06-01 15:35 /user/hive/warehouse/pokes/prefix=val_0/000004_0
-rwxrwxr-x   3 root supergroup          0 2023-06-01 15:35 /user/hive/warehouse/pokes/prefix=val_0/000005_0
-rwxrwxr-x   3 root supergroup          0 2023-06-01 15:35 /user/hive/warehouse/pokes/prefix=val_0/000006_0
-rwxrwxr-x   3 root supergroup          0 2023-06-01 15:35 /user/hive/warehouse/pokes/prefix=val_0/000007_0
-rwxrwxr-x   3 root supergroup          0 2023-06-01 15:35 /user/hive/warehouse/pokes/prefix=val_0/000008_0
-rwxrwxr-x   3 root supergroup          0 2023-06-01 15:35 /user/hive/warehouse/pokes/prefix=val_0/000009_0
-rwxrwxr-x   3 root supergroup          0 2023-06-01 15:35 /user/hive/warehouse/pokes/prefix=val_0/000010_0
-rwxrwxr-x   3 root supergroup          0 2023-06-01 15:35 /user/hive/warehouse/pokes/prefix=val_0/000011_0
-rwxrwxr-x   3 root supergroup          0 2023-06-01 15:35 /user/hive/warehouse/pokes/prefix=val_0/000012_0
-rwxrwxr-x   3 root supergroup          0 2023-06-01 15:35 /user/hive/warehouse/pokes/prefix=val_0/000013_0
-rwxrwxr-x   3 root supergroup          0 2023-06-01 15:35 /user/hive/warehouse/pokes/prefix=val_0/000014_0
-rwxrwxr-x   3 root supergroup          0 2023-06-01 15:35 /user/hive/warehouse/pokes/prefix=val_0/000015_0
-rwxrwxr-x   3 root supergroup          0 2023-06-01 15:35 /user/hive/warehouse/pokes/prefix=val_0/000016_0
-rwxrwxr-x   3 root supergroup          0 2023-06-01 15:35 /user/hive/warehouse/pokes/prefix=val_0/000017_0
-rwxrwxr-x   3 root supergroup          0 2023-06-01 15:35 /user/hive/warehouse/pokes/prefix=val_0/000018_0
-rwxrwxr-x   3 root supergroup          0 2023-06-01 15:35 /user/hive/warehouse/pokes/prefix=val_0/000019_0
-rwxrwxr-x   3 root supergroup          0 2023-06-01 15:35 /user/hive/warehouse/pokes/prefix=val_0/000020_0
-rwxrwxr-x   3 root supergroup          0 2023-06-01 15:35 /user/hive/warehouse/pokes/prefix=val_0/000021_0
-rwxrwxr-x   3 root supergroup          0 2023-06-01 15:35 /user/hive/warehouse/pokes/prefix=val_0/000022_0
-rwxrwxr-x   3 root supergroup          0 2023-06-01 15:35 /user/hive/warehouse/pokes/prefix=val_0/000023_0
-rwxrwxr-x   3 root supergroup          0 2023-06-01 15:35 /user/hive/warehouse/pokes/prefix=val_0/000024_0
-rwxrwxr-x   3 root supergroup          0 2023-06-01 15:35 /user/hive/warehouse/pokes/prefix=val_0/000025_0
-rwxrwxr-x   3 root supergroup          0 2023-06-01 15:35 /user/hive/warehouse/pokes/prefix=val_0/000026_0
-rwxrwxr-x   3 root supergroup          0 2023-06-01 15:35 /user/hive/warehouse/pokes/prefix=val_0/000027_0
-rwxrwxr-x   3 root supergroup          0 2023-06-01 15:35 /user/hive/warehouse/pokes/prefix=val_0/000028_0
-rwxrwxr-x   3 root supergroup          0 2023-06-01 15:35 /user/hive/warehouse/pokes/prefix=val_0/000029_0
-rwxrwxr-x   3 root supergroup          0 2023-06-01 15:35 /user/hive/warehouse/pokes/prefix=val_0/000030_0
-rwxrwxr-x   3 root supergroup          0 2023-06-01 15:35 /user/hive/warehouse/pokes/prefix=val_0/000031_0
Found 32 items
-rwxrwxr-x   3 root supergroup         60 2023-06-01 15:35 /user/hive/warehouse/pokes/prefix=val_1/000000_0
-rwxrwxr-x   3 root supergroup         60 2023-06-01 15:35 /user/hive/warehouse/pokes/prefix=val_1/000001_0
-rwxrwxr-x   3 root supergroup         24 2023-06-01 15:35 /user/hive/warehouse/pokes/prefix=val_1/000002_0
-rwxrwxr-x   3 root supergroup         48 2023-06-01 15:35 /user/hive/warehouse/pokes/prefix=val_1/000003_0
-rwxrwxr-x   3 root supergroup         60 2023-06-01 15:35 /user/hive/warehouse/pokes/prefix=val_1/000004_0
-rwxrwxr-x   3 root supergroup         60 2023-06-01 15:35 /user/hive/warehouse/pokes/prefix=val_1/000005_0
-rwxrwxr-x   3 root supergroup         36 2023-06-01 15:35 /user/hive/warehouse/pokes/prefix=val_1/000006_0
-rwxrwxr-x   3 root supergroup         96 2023-06-01 15:35 /user/hive/warehouse/pokes/prefix=val_1/000007_0
-rwxrwxr-x   3 root supergroup         48 2023-06-01 15:35 /user/hive/warehouse/pokes/prefix=val_1/000008_0
-rwxrwxr-x   3 root supergroup         84 2023-06-01 15:35 /user/hive/warehouse/pokes/prefix=val_1/000009_0
-rwxrwxr-x   3 root supergroup         70 2023-06-01 15:35 /user/hive/warehouse/pokes/prefix=val_1/000010_0
-rwxrwxr-x   3 root supergroup         10 2023-06-01 15:35 /user/hive/warehouse/pokes/prefix=val_1/000011_0
-rwxrwxr-x   3 root supergroup         44 2023-06-01 15:35 /user/hive/warehouse/pokes/prefix=val_1/000012_0
-rwxrwxr-x   3 root supergroup          0 2023-06-01 15:35 /user/hive/warehouse/pokes/prefix=val_1/000013_0
-rwxrwxr-x   3 root supergroup         24 2023-06-01 15:35 /user/hive/warehouse/pokes/prefix=val_1/000014_0
-rwxrwxr-x   3 root supergroup         68 2023-06-01 15:35 /user/hive/warehouse/pokes/prefix=val_1/000015_0
-rwxrwxr-x   3 root supergroup         24 2023-06-01 15:35 /user/hive/warehouse/pokes/prefix=val_1/000016_0
-rwxrwxr-x   3 root supergroup         58 2023-06-01 15:35 /user/hive/warehouse/pokes/prefix=val_1/000017_0
-rwxrwxr-x   3 root supergroup         68 2023-06-01 15:35 /user/hive/warehouse/pokes/prefix=val_1/000018_0
-rwxrwxr-x   3 root supergroup         34 2023-06-01 15:35 /user/hive/warehouse/pokes/prefix=val_1/000019_0
-rwxrwxr-x   3 root supergroup         24 2023-06-01 15:35 /user/hive/warehouse/pokes/prefix=val_1/000020_0
-rwxrwxr-x   3 root supergroup         36 2023-06-01 15:35 /user/hive/warehouse/pokes/prefix=val_1/000021_0
-rwxrwxr-x   3 root supergroup         36 2023-06-01 15:35 /user/hive/warehouse/pokes/prefix=val_1/000022_0
-rwxrwxr-x   3 root supergroup         48 2023-06-01 15:35 /user/hive/warehouse/pokes/prefix=val_1/000023_0
-rwxrwxr-x   3 root supergroup         48 2023-06-01 15:35 /user/hive/warehouse/pokes/prefix=val_1/000024_0
-rwxrwxr-x   3 root supergroup         12 2023-06-01 15:35 /user/hive/warehouse/pokes/prefix=val_1/000025_0
-rwxrwxr-x   3 root supergroup         12 2023-06-01 15:35 /user/hive/warehouse/pokes/prefix=val_1/000026_0
-rwxrwxr-x   3 root supergroup         48 2023-06-01 15:35 /user/hive/warehouse/pokes/prefix=val_1/000027_0
-rwxrwxr-x   3 root supergroup         12 2023-06-01 15:35 /user/hive/warehouse/pokes/prefix=val_1/000028_0
-rwxrwxr-x   3 root supergroup         48 2023-06-01 15:35 /user/hive/warehouse/pokes/prefix=val_1/000029_0
-rwxrwxr-x   3 root supergroup         36 2023-06-01 15:35 /user/hive/warehouse/pokes/prefix=val_1/000030_0
-rwxrwxr-x   3 root supergroup         24 2023-06-01 15:35 /user/hive/warehouse/pokes/prefix=val_1/000031_0
Found 32 items
-rwxrwxr-x   3 root supergroup         72 2023-06-01 15:35 /user/hive/warehouse/pokes/prefix=val_2/000000_0
-rwxrwxr-x   3 root supergroup         24 2023-06-01 15:35 /user/hive/warehouse/pokes/prefix=val_2/000001_0
-rwxrwxr-x   3 root supergroup         32 2023-06-01 15:35 /user/hive/warehouse/pokes/prefix=val_2/000002_0
-rwxrwxr-x   3 root supergroup         12 2023-06-01 15:35 /user/hive/warehouse/pokes/prefix=val_2/000003_0
-rwxrwxr-x   3 root supergroup         36 2023-06-01 15:35 /user/hive/warehouse/pokes/prefix=val_2/000004_0
-rwxrwxr-x   3 root supergroup         24 2023-06-01 15:35 /user/hive/warehouse/pokes/prefix=val_2/000005_0
-rwxrwxr-x   3 root supergroup         72 2023-06-01 15:35 /user/hive/warehouse/pokes/prefix=val_2/000006_0
-rwxrwxr-x   3 root supergroup         12 2023-06-01 15:35 /user/hive/warehouse/pokes/prefix=val_2/000007_0
-rwxrwxr-x   3 root supergroup         36 2023-06-01 15:35 /user/hive/warehouse/pokes/prefix=val_2/000008_0
-rwxrwxr-x   3 root supergroup         60 2023-06-01 15:35 /user/hive/warehouse/pokes/prefix=val_2/000009_0
-rwxrwxr-x   3 root supergroup         60 2023-06-01 15:35 /user/hive/warehouse/pokes/prefix=val_2/000010_0
-rwxrwxr-x   3 root supergroup         36 2023-06-01 15:35 /user/hive/warehouse/pokes/prefix=val_2/000011_0
-rwxrwxr-x   3 root supergroup          0 2023-06-01 15:35 /user/hive/warehouse/pokes/prefix=val_2/000012_0
-rwxrwxr-x   3 root supergroup         48 2023-06-01 15:35 /user/hive/warehouse/pokes/prefix=val_2/000013_0
-rwxrwxr-x   3 root supergroup         24 2023-06-01 15:35 /user/hive/warehouse/pokes/prefix=val_2/000014_0
-rwxrwxr-x   3 root supergroup         48 2023-06-01 15:35 /user/hive/warehouse/pokes/prefix=val_2/000015_0
-rwxrwxr-x   3 root supergroup         60 2023-06-01 15:35 /user/hive/warehouse/pokes/prefix=val_2/000016_0
-rwxrwxr-x   3 root supergroup         72 2023-06-01 15:35 /user/hive/warehouse/pokes/prefix=val_2/000017_0
-rwxrwxr-x   3 root supergroup         36 2023-06-01 15:35 /user/hive/warehouse/pokes/prefix=val_2/000018_0
-rwxrwxr-x   3 root supergroup         12 2023-06-01 15:35 /user/hive/warehouse/pokes/prefix=val_2/000019_0
-rwxrwxr-x   3 root supergroup         22 2023-06-01 15:35 /user/hive/warehouse/pokes/prefix=val_2/000020_0
-rwxrwxr-x   3 root supergroup         72 2023-06-01 15:35 /user/hive/warehouse/pokes/prefix=val_2/000021_0
-rwxrwxr-x   3 root supergroup         36 2023-06-01 15:35 /user/hive/warehouse/pokes/prefix=val_2/000022_0
-rwxrwxr-x   3 root supergroup         12 2023-06-01 15:35 /user/hive/warehouse/pokes/prefix=val_2/000023_0
-rwxrwxr-x   3 root supergroup         80 2023-06-01 15:35 /user/hive/warehouse/pokes/prefix=val_2/000024_0
-rwxrwxr-x   3 root supergroup         60 2023-06-01 15:35 /user/hive/warehouse/pokes/prefix=val_2/000025_0
-rwxrwxr-x   3 root supergroup         56 2023-06-01 15:35 /user/hive/warehouse/pokes/prefix=val_2/000026_0
-rwxrwxr-x   3 root supergroup         46 2023-06-01 15:35 /user/hive/warehouse/pokes/prefix=val_2/000027_0
-rwxrwxr-x   3 root supergroup         34 2023-06-01 15:35 /user/hive/warehouse/pokes/prefix=val_2/000028_0
-rwxrwxr-x   3 root supergroup         36 2023-06-01 15:35 /user/hive/warehouse/pokes/prefix=val_2/000029_0
-rwxrwxr-x   3 root supergroup         24 2023-06-01 15:35 /user/hive/warehouse/pokes/prefix=val_2/000030_0
-rwxrwxr-x   3 root supergroup         60 2023-06-01 15:35 /user/hive/warehouse/pokes/prefix=val_2/000031_0
Found 32 items
-rwxrwxr-x   3 root supergroup         36 2023-06-01 15:35 /user/hive/warehouse/pokes/prefix=val_3/000000_0
-rwxrwxr-x   3 root supergroup         58 2023-06-01 15:35 /user/hive/warehouse/pokes/prefix=val_3/000001_0
-rwxrwxr-x   3 root supergroup         46 2023-06-01 15:35 /user/hive/warehouse/pokes/prefix=val_3/000002_0
-rwxrwxr-x   3 root supergroup         42 2023-06-01 15:35 /user/hive/warehouse/pokes/prefix=val_3/000003_0
-rwxrwxr-x   3 root supergroup         12 2023-06-01 15:35 /user/hive/warehouse/pokes/prefix=val_3/000004_0
-rwxrwxr-x   3 root supergroup         56 2023-06-01 15:35 /user/hive/warehouse/pokes/prefix=val_3/000005_0
-rwxrwxr-x   3 root supergroup          0 2023-06-01 15:35 /user/hive/warehouse/pokes/prefix=val_3/000006_0
-rwxrwxr-x   3 root supergroup         36 2023-06-01 15:35 /user/hive/warehouse/pokes/prefix=val_3/000007_0
-rwxrwxr-x   3 root supergroup         24 2023-06-01 15:35 /user/hive/warehouse/pokes/prefix=val_3/000008_0
-rwxrwxr-x   3 root supergroup         12 2023-06-01 15:35 /user/hive/warehouse/pokes/prefix=val_3/000009_0
-rwxrwxr-x   3 root supergroup         24 2023-06-01 15:35 /user/hive/warehouse/pokes/prefix=val_3/000010_0
-rwxrwxr-x   3 root supergroup         48 2023-06-01 15:35 /user/hive/warehouse/pokes/prefix=val_3/000011_0
-rwxrwxr-x   3 root supergroup         60 2023-06-01 15:35 /user/hive/warehouse/pokes/prefix=val_3/000012_0
-rwxrwxr-x   3 root supergroup         60 2023-06-01 15:35 /user/hive/warehouse/pokes/prefix=val_3/000013_0
-rwxrwxr-x   3 root supergroup         24 2023-06-01 15:35 /user/hive/warehouse/pokes/prefix=val_3/000014_0
-rwxrwxr-x   3 root supergroup         60 2023-06-01 15:35 /user/hive/warehouse/pokes/prefix=val_3/000015_0
-rwxrwxr-x   3 root supergroup         24 2023-06-01 15:35 /user/hive/warehouse/pokes/prefix=val_3/000016_0
-rwxrwxr-x   3 root supergroup         48 2023-06-01 15:35 /user/hive/warehouse/pokes/prefix=val_3/000017_0
-rwxrwxr-x   3 root supergroup         24 2023-06-01 15:35 /user/hive/warehouse/pokes/prefix=val_3/000018_0
-rwxrwxr-x   3 root supergroup         36 2023-06-01 15:35 /user/hive/warehouse/pokes/prefix=val_3/000019_0
-rwxrwxr-x   3 root supergroup         12 2023-06-01 15:35 /user/hive/warehouse/pokes/prefix=val_3/000020_0
-rwxrwxr-x   3 root supergroup         48 2023-06-01 15:35 /user/hive/warehouse/pokes/prefix=val_3/000021_0
-rwxrwxr-x   3 root supergroup         48 2023-06-01 15:35 /user/hive/warehouse/pokes/prefix=val_3/000022_0
-rwxrwxr-x   3 root supergroup         48 2023-06-01 15:35 /user/hive/warehouse/pokes/prefix=val_3/000023_0
-rwxrwxr-x   3 root supergroup         24 2023-06-01 15:35 /user/hive/warehouse/pokes/prefix=val_3/000024_0
-rwxrwxr-x   3 root supergroup         24 2023-06-01 15:35 /user/hive/warehouse/pokes/prefix=val_3/000025_0
-rwxrwxr-x   3 root supergroup         12 2023-06-01 15:35 /user/hive/warehouse/pokes/prefix=val_3/000026_0
-rwxrwxr-x   3 root supergroup         24 2023-06-01 15:35 /user/hive/warehouse/pokes/prefix=val_3/000027_0
-rwxrwxr-x   3 root supergroup         96 2023-06-01 15:35 /user/hive/warehouse/pokes/prefix=val_3/000028_0
-rwxrwxr-x   3 root supergroup         24 2023-06-01 15:35 /user/hive/warehouse/pokes/prefix=val_3/000029_0
-rwxrwxr-x   3 root supergroup         70 2023-06-01 15:35 /user/hive/warehouse/pokes/prefix=val_3/000030_0
-rwxrwxr-x   3 root supergroup         12 2023-06-01 15:35 /user/hive/warehouse/pokes/prefix=val_3/000031_0
Found 32 items
-rwxrwxr-x   3 root supergroup         48 2023-06-01 15:35 /user/hive/warehouse/pokes/prefix=val_4/000000_0
-rwxrwxr-x   3 root supergroup         60 2023-06-01 15:35 /user/hive/warehouse/pokes/prefix=val_4/000001_0
-rwxrwxr-x   3 root supergroup         24 2023-06-01 15:35 /user/hive/warehouse/pokes/prefix=val_4/000002_0
-rwxrwxr-x   3 root supergroup         24 2023-06-01 15:35 /user/hive/warehouse/pokes/prefix=val_4/000003_0
-rwxrwxr-x   3 root supergroup         32 2023-06-01 15:35 /user/hive/warehouse/pokes/prefix=val_4/000004_0
-rwxrwxr-x   3 root supergroup         36 2023-06-01 15:35 /user/hive/warehouse/pokes/prefix=val_4/000005_0
-rwxrwxr-x   3 root supergroup         36 2023-06-01 15:35 /user/hive/warehouse/pokes/prefix=val_4/000006_0
-rwxrwxr-x   3 root supergroup         24 2023-06-01 15:35 /user/hive/warehouse/pokes/prefix=val_4/000007_0
-rwxrwxr-x   3 root supergroup         24 2023-06-01 15:35 /user/hive/warehouse/pokes/prefix=val_4/000008_0
-rwxrwxr-x   3 root supergroup         70 2023-06-01 15:35 /user/hive/warehouse/pokes/prefix=val_4/000009_0
-rwxrwxr-x   3 root supergroup         56 2023-06-01 15:35 /user/hive/warehouse/pokes/prefix=val_4/000010_0
-rwxrwxr-x   3 root supergroup         58 2023-06-01 15:35 /user/hive/warehouse/pokes/prefix=val_4/000011_0
-rwxrwxr-x   3 root supergroup         46 2023-06-01 15:35 /user/hive/warehouse/pokes/prefix=val_4/000012_0
-rwxrwxr-x   3 root supergroup         36 2023-06-01 15:35 /user/hive/warehouse/pokes/prefix=val_4/000013_0
-rwxrwxr-x   3 root supergroup         72 2023-06-01 15:35 /user/hive/warehouse/pokes/prefix=val_4/000014_0
-rwxrwxr-x   3 root supergroup         82 2023-06-01 15:35 /user/hive/warehouse/pokes/prefix=val_4/000015_0
-rwxrwxr-x   3 root supergroup         36 2023-06-01 15:35 /user/hive/warehouse/pokes/prefix=val_4/000016_0
-rwxrwxr-x   3 root supergroup         72 2023-06-01 15:35 /user/hive/warehouse/pokes/prefix=val_4/000017_0
-rwxrwxr-x   3 root supergroup         84 2023-06-01 15:35 /user/hive/warehouse/pokes/prefix=val_4/000018_0
-rwxrwxr-x   3 root supergroup         60 2023-06-01 15:35 /user/hive/warehouse/pokes/prefix=val_4/000019_0
-rwxrwxr-x   3 root supergroup         84 2023-06-01 15:35 /user/hive/warehouse/pokes/prefix=val_4/000020_0
-rwxrwxr-x   3 root supergroup         72 2023-06-01 15:35 /user/hive/warehouse/pokes/prefix=val_4/000021_0
-rwxrwxr-x   3 root supergroup         96 2023-06-01 15:35 /user/hive/warehouse/pokes/prefix=val_4/000022_0
-rwxrwxr-x   3 root supergroup         36 2023-06-01 15:35 /user/hive/warehouse/pokes/prefix=val_4/000023_0
-rwxrwxr-x   3 root supergroup         12 2023-06-01 15:35 /user/hive/warehouse/pokes/prefix=val_4/000024_0
-rwxrwxr-x   3 root supergroup         36 2023-06-01 15:35 /user/hive/warehouse/pokes/prefix=val_4/000025_0
-rwxrwxr-x   3 root supergroup          0 2023-06-01 15:35 /user/hive/warehouse/pokes/prefix=val_4/000026_0
-rwxrwxr-x   3 root supergroup         36 2023-06-01 15:35 /user/hive/warehouse/pokes/prefix=val_4/000027_0
-rwxrwxr-x   3 root supergroup         12 2023-06-01 15:35 /user/hive/warehouse/pokes/prefix=val_4/000028_0
-rwxrwxr-x   3 root supergroup         36 2023-06-01 15:35 /user/hive/warehouse/pokes/prefix=val_4/000029_0
-rwxrwxr-x   3 root supergroup         60 2023-06-01 15:35 /user/hive/warehouse/pokes/prefix=val_4/000030_0
-rwxrwxr-x   3 root supergroup         12 2023-06-01 15:35 /user/hive/warehouse/pokes/prefix=val_4/000031_0
Found 32 items
-rwxrwxr-x   3 root supergroup          0 2023-06-01 15:35 /user/hive/warehouse/pokes/prefix=val_5/000000_0
-rwxrwxr-x   3 root supergroup          0 2023-06-01 15:35 /user/hive/warehouse/pokes/prefix=val_5/000001_0
-rwxrwxr-x   3 root supergroup          0 2023-06-01 15:35 /user/hive/warehouse/pokes/prefix=val_5/000002_0
-rwxrwxr-x   3 root supergroup          0 2023-06-01 15:35 /user/hive/warehouse/pokes/prefix=val_5/000003_0
-rwxrwxr-x   3 root supergroup          0 2023-06-01 15:35 /user/hive/warehouse/pokes/prefix=val_5/000004_0
-rwxrwxr-x   3 root supergroup         24 2023-06-01 15:35 /user/hive/warehouse/pokes/prefix=val_5/000005_0
-rwxrwxr-x   3 root supergroup          0 2023-06-01 15:35 /user/hive/warehouse/pokes/prefix=val_5/000006_0
-rwxrwxr-x   3 root supergroup          0 2023-06-01 15:35 /user/hive/warehouse/pokes/prefix=val_5/000007_0
-rwxrwxr-x   3 root supergroup          0 2023-06-01 15:35 /user/hive/warehouse/pokes/prefix=val_5/000008_0
-rwxrwxr-x   3 root supergroup          0 2023-06-01 15:35 /user/hive/warehouse/pokes/prefix=val_5/000009_0
-rwxrwxr-x   3 root supergroup          0 2023-06-01 15:35 /user/hive/warehouse/pokes/prefix=val_5/000010_0
-rwxrwxr-x   3 root supergroup          0 2023-06-01 15:35 /user/hive/warehouse/pokes/prefix=val_5/000011_0
-rwxrwxr-x   3 root supergroup          0 2023-06-01 15:35 /user/hive/warehouse/pokes/prefix=val_5/000012_0
-rwxrwxr-x   3 root supergroup          0 2023-06-01 15:35 /user/hive/warehouse/pokes/prefix=val_5/000013_0
-rwxrwxr-x   3 root supergroup          0 2023-06-01 15:35 /user/hive/warehouse/pokes/prefix=val_5/000014_0
-rwxrwxr-x   3 root supergroup          0 2023-06-01 15:35 /user/hive/warehouse/pokes/prefix=val_5/000015_0
-rwxrwxr-x   3 root supergroup          0 2023-06-01 15:35 /user/hive/warehouse/pokes/prefix=val_5/000016_0
-rwxrwxr-x   3 root supergroup          0 2023-06-01 15:35 /user/hive/warehouse/pokes/prefix=val_5/000017_0
-rwxrwxr-x   3 root supergroup          0 2023-06-01 15:35 /user/hive/warehouse/pokes/prefix=val_5/000018_0
-rwxrwxr-x   3 root supergroup         20 2023-06-01 15:35 /user/hive/warehouse/pokes/prefix=val_5/000019_0
-rwxrwxr-x   3 root supergroup          0 2023-06-01 15:35 /user/hive/warehouse/pokes/prefix=val_5/000020_0
-rwxrwxr-x   3 root supergroup         10 2023-06-01 15:35 /user/hive/warehouse/pokes/prefix=val_5/000021_0
-rwxrwxr-x   3 root supergroup         10 2023-06-01 15:35 /user/hive/warehouse/pokes/prefix=val_5/000022_0
-rwxrwxr-x   3 root supergroup          0 2023-06-01 15:35 /user/hive/warehouse/pokes/prefix=val_5/000023_0
-rwxrwxr-x   3 root supergroup          0 2023-06-01 15:35 /user/hive/warehouse/pokes/prefix=val_5/000024_0
-rwxrwxr-x   3 root supergroup         10 2023-06-01 15:35 /user/hive/warehouse/pokes/prefix=val_5/000025_0
-rwxrwxr-x   3 root supergroup         20 2023-06-01 15:35 /user/hive/warehouse/pokes/prefix=val_5/000026_0
-rwxrwxr-x   3 root supergroup          0 2023-06-01 15:35 /user/hive/warehouse/pokes/prefix=val_5/000027_0
-rwxrwxr-x   3 root supergroup          0 2023-06-01 15:35 /user/hive/warehouse/pokes/prefix=val_5/000028_0
-rwxrwxr-x   3 root supergroup          0 2023-06-01 15:35 /user/hive/warehouse/pokes/prefix=val_5/000029_0
-rwxrwxr-x   3 root supergroup          0 2023-06-01 15:35 /user/hive/warehouse/pokes/prefix=val_5/000030_0
-rwxrwxr-x   3 root supergroup          0 2023-06-01 15:35 /user/hive/warehouse/pokes/prefix=val_5/000031_0
Found 32 items
-rwxrwxr-x   3 root supergroup         10 2023-06-01 15:35 /user/hive/warehouse/pokes/prefix=val_6/000000_0
-rwxrwxr-x   3 root supergroup         10 2023-06-01 15:35 /user/hive/warehouse/pokes/prefix=val_6/000001_0
-rwxrwxr-x   3 root supergroup         10 2023-06-01 15:35 /user/hive/warehouse/pokes/prefix=val_6/000002_0
-rwxrwxr-x   3 root supergroup         20 2023-06-01 15:35 /user/hive/warehouse/pokes/prefix=val_6/000003_0
-rwxrwxr-x   3 root supergroup          0 2023-06-01 15:35 /user/hive/warehouse/pokes/prefix=val_6/000004_0
-rwxrwxr-x   3 root supergroup         10 2023-06-01 15:35 /user/hive/warehouse/pokes/prefix=val_6/000005_0
-rwxrwxr-x   3 root supergroup          0 2023-06-01 15:35 /user/hive/warehouse/pokes/prefix=val_6/000006_0
-rwxrwxr-x   3 root supergroup          0 2023-06-01 15:35 /user/hive/warehouse/pokes/prefix=val_6/000007_0
-rwxrwxr-x   3 root supergroup          0 2023-06-01 15:35 /user/hive/warehouse/pokes/prefix=val_6/000008_0
-rwxrwxr-x   3 root supergroup          0 2023-06-01 15:35 /user/hive/warehouse/pokes/prefix=val_6/000009_0
-rwxrwxr-x   3 root supergroup          0 2023-06-01 15:35 /user/hive/warehouse/pokes/prefix=val_6/000010_0
-rwxrwxr-x   3 root supergroup          0 2023-06-01 15:35 /user/hive/warehouse/pokes/prefix=val_6/000011_0
-rwxrwxr-x   3 root supergroup          0 2023-06-01 15:35 /user/hive/warehouse/pokes/prefix=val_6/000012_0
-rwxrwxr-x   3 root supergroup          0 2023-06-01 15:35 /user/hive/warehouse/pokes/prefix=val_6/000013_0
-rwxrwxr-x   3 root supergroup          0 2023-06-01 15:35 /user/hive/warehouse/pokes/prefix=val_6/000014_0
-rwxrwxr-x   3 root supergroup          0 2023-06-01 15:35 /user/hive/warehouse/pokes/prefix=val_6/000015_0
-rwxrwxr-x   3 root supergroup          0 2023-06-01 15:35 /user/hive/warehouse/pokes/prefix=val_6/000016_0
-rwxrwxr-x   3 root supergroup          0 2023-06-01 15:35 /user/hive/warehouse/pokes/prefix=val_6/000017_0
-rwxrwxr-x   3 root supergroup          0 2023-06-01 15:35 /user/hive/warehouse/pokes/prefix=val_6/000018_0
-rwxrwxr-x   3 root supergroup          0 2023-06-01 15:35 /user/hive/warehouse/pokes/prefix=val_6/000019_0
-rwxrwxr-x   3 root supergroup          0 2023-06-01 15:35 /user/hive/warehouse/pokes/prefix=val_6/000020_0
-rwxrwxr-x   3 root supergroup          0 2023-06-01 15:35 /user/hive/warehouse/pokes/prefix=val_6/000021_0
-rwxrwxr-x   3 root supergroup          0 2023-06-01 15:35 /user/hive/warehouse/pokes/prefix=val_6/000022_0
-rwxrwxr-x   3 root supergroup          0 2023-06-01 15:35 /user/hive/warehouse/pokes/prefix=val_6/000023_0
-rwxrwxr-x   3 root supergroup          0 2023-06-01 15:35 /user/hive/warehouse/pokes/prefix=val_6/000024_0
-rwxrwxr-x   3 root supergroup          0 2023-06-01 15:35 /user/hive/warehouse/pokes/prefix=val_6/000025_0
-rwxrwxr-x   3 root supergroup          0 2023-06-01 15:35 /user/hive/warehouse/pokes/prefix=val_6/000026_0
-rwxrwxr-x   3 root supergroup          0 2023-06-01 15:35 /user/hive/warehouse/pokes/prefix=val_6/000027_0
-rwxrwxr-x   3 root supergroup          0 2023-06-01 15:35 /user/hive/warehouse/pokes/prefix=val_6/000028_0
-rwxrwxr-x   3 root supergroup          0 2023-06-01 15:35 /user/hive/warehouse/pokes/prefix=val_6/000029_0
-rwxrwxr-x   3 root supergroup          0 2023-06-01 15:35 /user/hive/warehouse/pokes/prefix=val_6/000030_0
-rwxrwxr-x   3 root supergroup          0 2023-06-01 15:35 /user/hive/warehouse/pokes/prefix=val_6/000031_0
Found 32 items
-rwxrwxr-x   3 root supergroup          0 2023-06-01 15:35 /user/hive/warehouse/pokes/prefix=val_7/000000_0
-rwxrwxr-x   3 root supergroup          0 2023-06-01 15:35 /user/hive/warehouse/pokes/prefix=val_7/000001_0
-rwxrwxr-x   3 root supergroup          0 2023-06-01 15:35 /user/hive/warehouse/pokes/prefix=val_7/000002_0
-rwxrwxr-x   3 root supergroup          0 2023-06-01 15:35 /user/hive/warehouse/pokes/prefix=val_7/000003_0
-rwxrwxr-x   3 root supergroup          0 2023-06-01 15:35 /user/hive/warehouse/pokes/prefix=val_7/000004_0
-rwxrwxr-x   3 root supergroup          0 2023-06-01 15:35 /user/hive/warehouse/pokes/prefix=val_7/000005_0
-rwxrwxr-x   3 root supergroup         30 2023-06-01 15:35 /user/hive/warehouse/pokes/prefix=val_7/000006_0
-rwxrwxr-x   3 root supergroup          0 2023-06-01 15:35 /user/hive/warehouse/pokes/prefix=val_7/000007_0
-rwxrwxr-x   3 root supergroup         20 2023-06-01 15:35 /user/hive/warehouse/pokes/prefix=val_7/000008_0
-rwxrwxr-x   3 root supergroup          0 2023-06-01 15:35 /user/hive/warehouse/pokes/prefix=val_7/000009_0
-rwxrwxr-x   3 root supergroup         10 2023-06-01 15:35 /user/hive/warehouse/pokes/prefix=val_7/000010_0
-rwxrwxr-x   3 root supergroup          0 2023-06-01 15:35 /user/hive/warehouse/pokes/prefix=val_7/000011_0
-rwxrwxr-x   3 root supergroup         20 2023-06-01 15:35 /user/hive/warehouse/pokes/prefix=val_7/000012_0
-rwxrwxr-x   3 root supergroup         10 2023-06-01 15:35 /user/hive/warehouse/pokes/prefix=val_7/000013_0
-rwxrwxr-x   3 root supergroup         10 2023-06-01 15:35 /user/hive/warehouse/pokes/prefix=val_7/000014_0
-rwxrwxr-x   3 root supergroup          0 2023-06-01 15:35 /user/hive/warehouse/pokes/prefix=val_7/000015_0
-rwxrwxr-x   3 root supergroup          0 2023-06-01 15:35 /user/hive/warehouse/pokes/prefix=val_7/000016_0
-rwxrwxr-x   3 root supergroup          0 2023-06-01 15:35 /user/hive/warehouse/pokes/prefix=val_7/000017_0
-rwxrwxr-x   3 root supergroup          0 2023-06-01 15:35 /user/hive/warehouse/pokes/prefix=val_7/000018_0
-rwxrwxr-x   3 root supergroup          0 2023-06-01 15:35 /user/hive/warehouse/pokes/prefix=val_7/000019_0
-rwxrwxr-x   3 root supergroup          0 2023-06-01 15:35 /user/hive/warehouse/pokes/prefix=val_7/000020_0
-rwxrwxr-x   3 root supergroup          0 2023-06-01 15:35 /user/hive/warehouse/pokes/prefix=val_7/000021_0
-rwxrwxr-x   3 root supergroup          0 2023-06-01 15:35 /user/hive/warehouse/pokes/prefix=val_7/000022_0
-rwxrwxr-x   3 root supergroup          0 2023-06-01 15:35 /user/hive/warehouse/pokes/prefix=val_7/000023_0
-rwxrwxr-x   3 root supergroup          0 2023-06-01 15:35 /user/hive/warehouse/pokes/prefix=val_7/000024_0
-rwxrwxr-x   3 root supergroup          0 2023-06-01 15:35 /user/hive/warehouse/pokes/prefix=val_7/000025_0
-rwxrwxr-x   3 root supergroup          0 2023-06-01 15:35 /user/hive/warehouse/pokes/prefix=val_7/000026_0
-rwxrwxr-x   3 root supergroup          0 2023-06-01 15:35 /user/hive/warehouse/pokes/prefix=val_7/000027_0
-rwxrwxr-x   3 root supergroup          0 2023-06-01 15:35 /user/hive/warehouse/pokes/prefix=val_7/000028_0
-rwxrwxr-x   3 root supergroup          0 2023-06-01 15:35 /user/hive/warehouse/pokes/prefix=val_7/000029_0
-rwxrwxr-x   3 root supergroup          0 2023-06-01 15:35 /user/hive/warehouse/pokes/prefix=val_7/000030_0
-rwxrwxr-x   3 root supergroup          0 2023-06-01 15:35 /user/hive/warehouse/pokes/prefix=val_7/000031_0
Found 32 items
-rwxrwxr-x   3 root supergroup          0 2023-06-01 15:35 /user/hive/warehouse/pokes/prefix=val_8/000000_0
-rwxrwxr-x   3 root supergroup          0 2023-06-01 15:35 /user/hive/warehouse/pokes/prefix=val_8/000001_0
-rwxrwxr-x   3 root supergroup          0 2023-06-01 15:35 /user/hive/warehouse/pokes/prefix=val_8/000002_0
-rwxrwxr-x   3 root supergroup          0 2023-06-01 15:35 /user/hive/warehouse/pokes/prefix=val_8/000003_0
-rwxrwxr-x   3 root supergroup          0 2023-06-01 15:35 /user/hive/warehouse/pokes/prefix=val_8/000004_0
-rwxrwxr-x   3 root supergroup          0 2023-06-01 15:35 /user/hive/warehouse/pokes/prefix=val_8/000005_0
-rwxrwxr-x   3 root supergroup          0 2023-06-01 15:35 /user/hive/warehouse/pokes/prefix=val_8/000006_0
-rwxrwxr-x   3 root supergroup          0 2023-06-01 15:35 /user/hive/warehouse/pokes/prefix=val_8/000007_0
-rwxrwxr-x   3 root supergroup          8 2023-06-01 15:35 /user/hive/warehouse/pokes/prefix=val_8/000008_0
-rwxrwxr-x   3 root supergroup          0 2023-06-01 15:35 /user/hive/warehouse/pokes/prefix=val_8/000009_0
-rwxrwxr-x   3 root supergroup          0 2023-06-01 15:35 /user/hive/warehouse/pokes/prefix=val_8/000010_0
-rwxrwxr-x   3 root supergroup          0 2023-06-01 15:35 /user/hive/warehouse/pokes/prefix=val_8/000011_0
-rwxrwxr-x   3 root supergroup          0 2023-06-01 15:35 /user/hive/warehouse/pokes/prefix=val_8/000012_0
-rwxrwxr-x   3 root supergroup          0 2023-06-01 15:35 /user/hive/warehouse/pokes/prefix=val_8/000013_0
-rwxrwxr-x   3 root supergroup          0 2023-06-01 15:35 /user/hive/warehouse/pokes/prefix=val_8/000014_0
-rwxrwxr-x   3 root supergroup          0 2023-06-01 15:35 /user/hive/warehouse/pokes/prefix=val_8/000015_0
-rwxrwxr-x   3 root supergroup         10 2023-06-01 15:35 /user/hive/warehouse/pokes/prefix=val_8/000016_0
-rwxrwxr-x   3 root supergroup          0 2023-06-01 15:35 /user/hive/warehouse/pokes/prefix=val_8/000017_0
-rwxrwxr-x   3 root supergroup         10 2023-06-01 15:35 /user/hive/warehouse/pokes/prefix=val_8/000018_0
-rwxrwxr-x   3 root supergroup         20 2023-06-01 15:35 /user/hive/warehouse/pokes/prefix=val_8/000019_0
-rwxrwxr-x   3 root supergroup         20 2023-06-01 15:35 /user/hive/warehouse/pokes/prefix=val_8/000020_0
-rwxrwxr-x   3 root supergroup         10 2023-06-01 15:35 /user/hive/warehouse/pokes/prefix=val_8/000021_0
-rwxrwxr-x   3 root supergroup         10 2023-06-01 15:35 /user/hive/warehouse/pokes/prefix=val_8/000022_0
-rwxrwxr-x   3 root supergroup         10 2023-06-01 15:35 /user/hive/warehouse/pokes/prefix=val_8/000023_0
-rwxrwxr-x   3 root supergroup          0 2023-06-01 15:35 /user/hive/warehouse/pokes/prefix=val_8/000024_0
-rwxrwxr-x   3 root supergroup          0 2023-06-01 15:35 /user/hive/warehouse/pokes/prefix=val_8/000025_0
-rwxrwxr-x   3 root supergroup          0 2023-06-01 15:35 /user/hive/warehouse/pokes/prefix=val_8/000026_0
-rwxrwxr-x   3 root supergroup          0 2023-06-01 15:35 /user/hive/warehouse/pokes/prefix=val_8/000027_0
-rwxrwxr-x   3 root supergroup          0 2023-06-01 15:35 /user/hive/warehouse/pokes/prefix=val_8/000028_0
-rwxrwxr-x   3 root supergroup          0 2023-06-01 15:35 /user/hive/warehouse/pokes/prefix=val_8/000029_0
-rwxrwxr-x   3 root supergroup          0 2023-06-01 15:35 /user/hive/warehouse/pokes/prefix=val_8/000030_0
-rwxrwxr-x   3 root supergroup          0 2023-06-01 15:35 /user/hive/warehouse/pokes/prefix=val_8/000031_0
Found 32 items
-rwxrwxr-x   3 root supergroup         10 2023-06-01 15:35 /user/hive/warehouse/pokes/prefix=val_9/000000_0
-rwxrwxr-x   3 root supergroup         20 2023-06-01 15:35 /user/hive/warehouse/pokes/prefix=val_9/000001_0
-rwxrwxr-x   3 root supergroup         20 2023-06-01 15:35 /user/hive/warehouse/pokes/prefix=val_9/000002_0
-rwxrwxr-x   3 root supergroup          0 2023-06-01 15:35 /user/hive/warehouse/pokes/prefix=val_9/000003_0
-rwxrwxr-x   3 root supergroup          0 2023-06-01 15:35 /user/hive/warehouse/pokes/prefix=val_9/000004_0
-rwxrwxr-x   3 root supergroup          0 2023-06-01 15:35 /user/hive/warehouse/pokes/prefix=val_9/000005_0
-rwxrwxr-x   3 root supergroup          0 2023-06-01 15:35 /user/hive/warehouse/pokes/prefix=val_9/000006_0
-rwxrwxr-x   3 root supergroup          0 2023-06-01 15:35 /user/hive/warehouse/pokes/prefix=val_9/000007_0
-rwxrwxr-x   3 root supergroup          0 2023-06-01 15:35 /user/hive/warehouse/pokes/prefix=val_9/000008_0
-rwxrwxr-x   3 root supergroup          8 2023-06-01 15:35 /user/hive/warehouse/pokes/prefix=val_9/000009_0
-rwxrwxr-x   3 root supergroup          0 2023-06-01 15:35 /user/hive/warehouse/pokes/prefix=val_9/000010_0
-rwxrwxr-x   3 root supergroup          0 2023-06-01 15:35 /user/hive/warehouse/pokes/prefix=val_9/000011_0
-rwxrwxr-x   3 root supergroup          0 2023-06-01 15:35 /user/hive/warehouse/pokes/prefix=val_9/000012_0
-rwxrwxr-x   3 root supergroup          0 2023-06-01 15:35 /user/hive/warehouse/pokes/prefix=val_9/000013_0
-rwxrwxr-x   3 root supergroup          0 2023-06-01 15:35 /user/hive/warehouse/pokes/prefix=val_9/000014_0
-rwxrwxr-x   3 root supergroup          0 2023-06-01 15:35 /user/hive/warehouse/pokes/prefix=val_9/000015_0
-rwxrwxr-x   3 root supergroup          0 2023-06-01 15:35 /user/hive/warehouse/pokes/prefix=val_9/000016_0
-rwxrwxr-x   3 root supergroup          0 2023-06-01 15:35 /user/hive/warehouse/pokes/prefix=val_9/000017_0
-rwxrwxr-x   3 root supergroup          0 2023-06-01 15:35 /user/hive/warehouse/pokes/prefix=val_9/000018_0
-rwxrwxr-x   3 root supergroup          0 2023-06-01 15:35 /user/hive/warehouse/pokes/prefix=val_9/000019_0
-rwxrwxr-x   3 root supergroup          0 2023-06-01 15:35 /user/hive/warehouse/pokes/prefix=val_9/000020_0
-rwxrwxr-x   3 root supergroup          0 2023-06-01 15:35 /user/hive/warehouse/pokes/prefix=val_9/000021_0
-rwxrwxr-x   3 root supergroup          0 2023-06-01 15:35 /user/hive/warehouse/pokes/prefix=val_9/000022_0
-rwxrwxr-x   3 root supergroup          0 2023-06-01 15:35 /user/hive/warehouse/pokes/prefix=val_9/000023_0
-rwxrwxr-x   3 root supergroup          0 2023-06-01 15:35 /user/hive/warehouse/pokes/prefix=val_9/000024_0
-rwxrwxr-x   3 root supergroup          0 2023-06-01 15:35 /user/hive/warehouse/pokes/prefix=val_9/000025_0
-rwxrwxr-x   3 root supergroup         30 2023-06-01 15:35 /user/hive/warehouse/pokes/prefix=val_9/000026_0
-rwxrwxr-x   3 root supergroup          0 2023-06-01 15:35 /user/hive/warehouse/pokes/prefix=val_9/000027_0
-rwxrwxr-x   3 root supergroup         10 2023-06-01 15:35 /user/hive/warehouse/pokes/prefix=val_9/000028_0
-rwxrwxr-x   3 root supergroup          0 2023-06-01 15:35 /user/hive/warehouse/pokes/prefix=val_9/000029_0
-rwxrwxr-x   3 root supergroup          0 2023-06-01 15:35 /user/hive/warehouse/pokes/prefix=val_9/000030_0
-rwxrwxr-x   3 root supergroup         20 2023-06-01 15:35 /user/hive/warehouse/pokes/prefix=val_9/000031_0
root@eaf2ecf91f58:/opt# hdfs dfs -ls /user/hive/warehouse/dim/*
Found 32 items
-rwxrwxr-x   3 root supergroup          8 2023-06-01 15:31 /user/hive/warehouse/dim/prefix=val_0/000000_0
-rwxrwxr-x   3 root supergroup          0 2023-06-01 15:31 /user/hive/warehouse/dim/prefix=val_0/000001_0
-rwxrwxr-x   3 root supergroup          0 2023-06-01 15:31 /user/hive/warehouse/dim/prefix=val_0/000002_0
-rwxrwxr-x   3 root supergroup          0 2023-06-01 15:31 /user/hive/warehouse/dim/prefix=val_0/000003_0
-rwxrwxr-x   3 root supergroup          0 2023-06-01 15:31 /user/hive/warehouse/dim/prefix=val_0/000004_0
-rwxrwxr-x   3 root supergroup          0 2023-06-01 15:31 /user/hive/warehouse/dim/prefix=val_0/000005_0
-rwxrwxr-x   3 root supergroup          0 2023-06-01 15:31 /user/hive/warehouse/dim/prefix=val_0/000006_0
-rwxrwxr-x   3 root supergroup          0 2023-06-01 15:31 /user/hive/warehouse/dim/prefix=val_0/000007_0
-rwxrwxr-x   3 root supergroup          0 2023-06-01 15:31 /user/hive/warehouse/dim/prefix=val_0/000008_0
-rwxrwxr-x   3 root supergroup          0 2023-06-01 15:31 /user/hive/warehouse/dim/prefix=val_0/000009_0
-rwxrwxr-x   3 root supergroup          0 2023-06-01 15:31 /user/hive/warehouse/dim/prefix=val_0/000010_0
-rwxrwxr-x   3 root supergroup          0 2023-06-01 15:31 /user/hive/warehouse/dim/prefix=val_0/000011_0
-rwxrwxr-x   3 root supergroup          0 2023-06-01 15:31 /user/hive/warehouse/dim/prefix=val_0/000012_0
-rwxrwxr-x   3 root supergroup          0 2023-06-01 15:31 /user/hive/warehouse/dim/prefix=val_0/000013_0
-rwxrwxr-x   3 root supergroup          0 2023-06-01 15:31 /user/hive/warehouse/dim/prefix=val_0/000014_0
-rwxrwxr-x   3 root supergroup          0 2023-06-01 15:31 /user/hive/warehouse/dim/prefix=val_0/000015_0
-rwxrwxr-x   3 root supergroup          0 2023-06-01 15:31 /user/hive/warehouse/dim/prefix=val_0/000016_0
-rwxrwxr-x   3 root supergroup          0 2023-06-01 15:31 /user/hive/warehouse/dim/prefix=val_0/000017_0
-rwxrwxr-x   3 root supergroup          0 2023-06-01 15:31 /user/hive/warehouse/dim/prefix=val_0/000018_0
-rwxrwxr-x   3 root supergroup          0 2023-06-01 15:31 /user/hive/warehouse/dim/prefix=val_0/000019_0
-rwxrwxr-x   3 root supergroup          0 2023-06-01 15:31 /user/hive/warehouse/dim/prefix=val_0/000020_0
-rwxrwxr-x   3 root supergroup          0 2023-06-01 15:31 /user/hive/warehouse/dim/prefix=val_0/000021_0
-rwxrwxr-x   3 root supergroup          0 2023-06-01 15:31 /user/hive/warehouse/dim/prefix=val_0/000022_0
-rwxrwxr-x   3 root supergroup          0 2023-06-01 15:31 /user/hive/warehouse/dim/prefix=val_0/000023_0
-rwxrwxr-x   3 root supergroup          0 2023-06-01 15:31 /user/hive/warehouse/dim/prefix=val_0/000024_0
-rwxrwxr-x   3 root supergroup          0 2023-06-01 15:31 /user/hive/warehouse/dim/prefix=val_0/000025_0
-rwxrwxr-x   3 root supergroup          0 2023-06-01 15:31 /user/hive/warehouse/dim/prefix=val_0/000026_0
-rwxrwxr-x   3 root supergroup          0 2023-06-01 15:31 /user/hive/warehouse/dim/prefix=val_0/000027_0
-rwxrwxr-x   3 root supergroup          0 2023-06-01 15:31 /user/hive/warehouse/dim/prefix=val_0/000028_0
-rwxrwxr-x   3 root supergroup          0 2023-06-01 15:31 /user/hive/warehouse/dim/prefix=val_0/000029_0
-rwxrwxr-x   3 root supergroup          0 2023-06-01 15:31 /user/hive/warehouse/dim/prefix=val_0/000030_0
-rwxrwxr-x   3 root supergroup          0 2023-06-01 15:31 /user/hive/warehouse/dim/prefix=val_0/000031_0
Found 32 items
-rwxrwxr-x   3 root supergroup          0 2023-06-01 15:31 /user/hive/warehouse/dim/prefix=val_1/000000_0
-rwxrwxr-x   3 root supergroup          0 2023-06-01 15:31 /user/hive/warehouse/dim/prefix=val_1/000001_0
-rwxrwxr-x   3 root supergroup          0 2023-06-01 15:31 /user/hive/warehouse/dim/prefix=val_1/000002_0
-rwxrwxr-x   3 root supergroup          0 2023-06-01 15:31 /user/hive/warehouse/dim/prefix=val_1/000003_0
-rwxrwxr-x   3 root supergroup          0 2023-06-01 15:31 /user/hive/warehouse/dim/prefix=val_1/000004_0
-rwxrwxr-x   3 root supergroup          0 2023-06-01 15:31 /user/hive/warehouse/dim/prefix=val_1/000005_0
-rwxrwxr-x   3 root supergroup          0 2023-06-01 15:31 /user/hive/warehouse/dim/prefix=val_1/000006_0
-rwxrwxr-x   3 root supergroup         12 2023-06-01 15:31 /user/hive/warehouse/dim/prefix=val_1/000007_0
-rwxrwxr-x   3 root supergroup          0 2023-06-01 15:31 /user/hive/warehouse/dim/prefix=val_1/000008_0
-rwxrwxr-x   3 root supergroup         12 2023-06-01 15:31 /user/hive/warehouse/dim/prefix=val_1/000009_0
-rwxrwxr-x   3 root supergroup          0 2023-06-01 15:31 /user/hive/warehouse/dim/prefix=val_1/000010_0
-rwxrwxr-x   3 root supergroup          0 2023-06-01 15:31 /user/hive/warehouse/dim/prefix=val_1/000011_0
-rwxrwxr-x   3 root supergroup         12 2023-06-01 15:31 /user/hive/warehouse/dim/prefix=val_1/000012_0
-rwxrwxr-x   3 root supergroup          0 2023-06-01 15:31 /user/hive/warehouse/dim/prefix=val_1/000013_0
-rwxrwxr-x   3 root supergroup          0 2023-06-01 15:31 /user/hive/warehouse/dim/prefix=val_1/000014_0
-rwxrwxr-x   3 root supergroup          0 2023-06-01 15:31 /user/hive/warehouse/dim/prefix=val_1/000015_0
-rwxrwxr-x   3 root supergroup          0 2023-06-01 15:31 /user/hive/warehouse/dim/prefix=val_1/000016_0
-rwxrwxr-x   3 root supergroup          0 2023-06-01 15:31 /user/hive/warehouse/dim/prefix=val_1/000017_0
-rwxrwxr-x   3 root supergroup          0 2023-06-01 15:31 /user/hive/warehouse/dim/prefix=val_1/000018_0
-rwxrwxr-x   3 root supergroup          0 2023-06-01 15:31 /user/hive/warehouse/dim/prefix=val_1/000019_0
-rwxrwxr-x   3 root supergroup          0 2023-06-01 15:31 /user/hive/warehouse/dim/prefix=val_1/000020_0
-rwxrwxr-x   3 root supergroup          0 2023-06-01 15:31 /user/hive/warehouse/dim/prefix=val_1/000021_0
-rwxrwxr-x   3 root supergroup          0 2023-06-01 15:31 /user/hive/warehouse/dim/prefix=val_1/000022_0
-rwxrwxr-x   3 root supergroup          0 2023-06-01 15:31 /user/hive/warehouse/dim/prefix=val_1/000023_0
-rwxrwxr-x   3 root supergroup          0 2023-06-01 15:31 /user/hive/warehouse/dim/prefix=val_1/000024_0
-rwxrwxr-x   3 root supergroup          0 2023-06-01 15:31 /user/hive/warehouse/dim/prefix=val_1/000025_0
-rwxrwxr-x   3 root supergroup          0 2023-06-01 15:31 /user/hive/warehouse/dim/prefix=val_1/000026_0
-rwxrwxr-x   3 root supergroup          0 2023-06-01 15:31 /user/hive/warehouse/dim/prefix=val_1/000027_0
-rwxrwxr-x   3 root supergroup          0 2023-06-01 15:31 /user/hive/warehouse/dim/prefix=val_1/000028_0
-rwxrwxr-x   3 root supergroup          0 2023-06-01 15:31 /user/hive/warehouse/dim/prefix=val_1/000029_0
-rwxrwxr-x   3 root supergroup          0 2023-06-01 15:31 /user/hive/warehouse/dim/prefix=val_1/000030_0
-rwxrwxr-x   3 root supergroup          0 2023-06-01 15:31 /user/hive/warehouse/dim/prefix=val_1/000031_0
Found 32 items
-rwxrwxr-x   3 root supergroup          0 2023-06-01 15:31 /user/hive/warehouse/dim/prefix=val_3/000000_0
-rwxrwxr-x   3 root supergroup          0 2023-06-01 15:31 /user/hive/warehouse/dim/prefix=val_3/000001_0
-rwxrwxr-x   3 root supergroup          0 2023-06-01 15:31 /user/hive/warehouse/dim/prefix=val_3/000002_0
-rwxrwxr-x   3 root supergroup          0 2023-06-01 15:31 /user/hive/warehouse/dim/prefix=val_3/000003_0
-rwxrwxr-x   3 root supergroup          0 2023-06-01 15:31 /user/hive/warehouse/dim/prefix=val_3/000004_0
-rwxrwxr-x   3 root supergroup          0 2023-06-01 15:31 /user/hive/warehouse/dim/prefix=val_3/000005_0
-rwxrwxr-x   3 root supergroup          0 2023-06-01 15:31 /user/hive/warehouse/dim/prefix=val_3/000006_0
-rwxrwxr-x   3 root supergroup          0 2023-06-01 15:31 /user/hive/warehouse/dim/prefix=val_3/000007_0
-rwxrwxr-x   3 root supergroup          0 2023-06-01 15:31 /user/hive/warehouse/dim/prefix=val_3/000008_0
-rwxrwxr-x   3 root supergroup          0 2023-06-01 15:31 /user/hive/warehouse/dim/prefix=val_3/000009_0
-rwxrwxr-x   3 root supergroup          0 2023-06-01 15:31 /user/hive/warehouse/dim/prefix=val_3/000010_0
-rwxrwxr-x   3 root supergroup          0 2023-06-01 15:31 /user/hive/warehouse/dim/prefix=val_3/000011_0
-rwxrwxr-x   3 root supergroup          0 2023-06-01 15:31 /user/hive/warehouse/dim/prefix=val_3/000012_0
-rwxrwxr-x   3 root supergroup          0 2023-06-01 15:31 /user/hive/warehouse/dim/prefix=val_3/000013_0
-rwxrwxr-x   3 root supergroup          0 2023-06-01 15:31 /user/hive/warehouse/dim/prefix=val_3/000014_0
-rwxrwxr-x   3 root supergroup          0 2023-06-01 15:31 /user/hive/warehouse/dim/prefix=val_3/000015_0
-rwxrwxr-x   3 root supergroup          0 2023-06-01 15:31 /user/hive/warehouse/dim/prefix=val_3/000016_0
-rwxrwxr-x   3 root supergroup          0 2023-06-01 15:31 /user/hive/warehouse/dim/prefix=val_3/000017_0
-rwxrwxr-x   3 root supergroup          0 2023-06-01 15:31 /user/hive/warehouse/dim/prefix=val_3/000018_0
-rwxrwxr-x   3 root supergroup          0 2023-06-01 15:31 /user/hive/warehouse/dim/prefix=val_3/000019_0
-rwxrwxr-x   3 root supergroup          0 2023-06-01 15:31 /user/hive/warehouse/dim/prefix=val_3/000020_0
-rwxrwxr-x   3 root supergroup          0 2023-06-01 15:31 /user/hive/warehouse/dim/prefix=val_3/000021_0
-rwxrwxr-x   3 root supergroup         12 2023-06-01 15:31 /user/hive/warehouse/dim/prefix=val_3/000022_0
-rwxrwxr-x   3 root supergroup          0 2023-06-01 15:31 /user/hive/warehouse/dim/prefix=val_3/000023_0
-rwxrwxr-x   3 root supergroup          0 2023-06-01 15:31 /user/hive/warehouse/dim/prefix=val_3/000024_0
-rwxrwxr-x   3 root supergroup          0 2023-06-01 15:31 /user/hive/warehouse/dim/prefix=val_3/000025_0
-rwxrwxr-x   3 root supergroup          0 2023-06-01 15:31 /user/hive/warehouse/dim/prefix=val_3/000026_0
-rwxrwxr-x   3 root supergroup          0 2023-06-01 15:31 /user/hive/warehouse/dim/prefix=val_3/000027_0
-rwxrwxr-x   3 root supergroup          0 2023-06-01 15:31 /user/hive/warehouse/dim/prefix=val_3/000028_0
-rwxrwxr-x   3 root supergroup          0 2023-06-01 15:31 /user/hive/warehouse/dim/prefix=val_3/000029_0
-rwxrwxr-x   3 root supergroup          0 2023-06-01 15:31 /user/hive/warehouse/dim/prefix=val_3/000030_0
-rwxrwxr-x   3 root supergroup          0 2023-06-01 15:31 /user/hive/warehouse/dim/prefix=val_3/000031_0
root@eaf2ecf91f58:/opt#
